https://gz.esf.fang.com/house-a084/
https://gz.esf.fang.com/house-a084-b014468/
https://gz.esf.fang.com/house-a084-b019625/
https://gz.esf.fang.com/house-a084-b017045/
https://gz.esf.fang.com/house-a084-b019624/
https://gz.esf.fang.com/house-a084-b014869/
https://gz.esf.fang.com/house-a084-b017043/
https://gz.esf.fang.com/house-a084-b022787/
https://gz.esf.fang.com/house-a084-b014468/i314
https://gz.esf.fang.com/house-a084-b019625/i327
https://gz.esf.fang.com/house-a084-b017045/i332
https://gz.esf.fang.com/house-a084-b019624/i325
https://gz.esf.fang.com/house-a084-b014869/g299
https://gz.esf.fang.com/house-a084-b017043/i340
https://gz.esf.fang.com/house-a084-b022787/i34
https://gz.esf.fang.com/house-a084-b022787/i33
https://gz.esf.fang.com/house-a084-b022787/i32
https://gz.esf.fang.com/house-a084-b017043/i339
https://gz.esf.fang.com/house-a084-b017043/i338
https://gz.esf.fang.com/house-a084-b017043/i337
https://gz.esf.fang.com/house-a084-b017043/i336
https://gz.esf.fang.com/house-a084-b017043/i335
https://gz.esf.fang.com/house-a084-b017043/i334
https://gz.esf.fang.com/house-a084-b017043/i333
https://gz.esf.fang.com/house-a084-b017043/i332
https://gz.esf.fang.com/house-a084-b017043/i331
https://gz.esf.fang.com/house-a084-b017043/i330
https://gz.esf.fang.com/house-a084-b017043/i329
https://gz.esf.fang.com/house-a084-b017043/i328
https://gz.esf.fang.com/house-a084-b017043/i327
https://gz.esf.fang.com/house-a084-b017043/i326
https://gz.esf.fang.com/house-a084-b017043/i325
https://gz.esf.fang.com/house-a084-b017043/i324
https://gz.esf.fang.com/house-a084-b017043/i323
https://gz.esf.fang.com/house-a084-b017043/i322
https://gz.esf.fang.com/house-a084-b017043/i321
https://gz.esf.fang.com/house-a084-b017043/i320
https://gz.esf.fang.com/house-a084-b017043/i319
https://gz.esf.fang.com/house-a084-b017043/i318
https://gz.esf.fang.com/house-a084-b017043/i317
https://gz.esf.fang.com/house-a084-b017043/i316
https://gz.esf.fang.com/house-a084-b017043/i315
https://gz.esf.fang.com/house-a084-b017043/i314
https://gz.esf.fang.com/house-a084-b017043/i313
https://gz.esf.fang.com/house-a084-b017043/i312
https://gz.esf.fang.com/house-a084-b017043/i311
https://gz.esf.fang.com/house-a084-b017043/i310
https://gz.esf.fang.com/house-a084-b017043/i39
https://gz.esf.fang.com/house-a084-b017043/i38
https://gz.esf.fang.com/house-a084-b017043/i37
https://gz.esf.fang.com/house-a084-b017043/i36
https://gz.esf.fang.com/house-a084-b017043/i35
https://gz.esf.fang.com/house-a084-b017043/i34
https://gz.esf.fang.com/house-a084-b017043/i33
https://gz.esf.fang.com/house-a084-b017043/i32
https://gz.esf.fang.com/house-a084-b014869/g25
https://gz.esf.fang.com/house-a084-b014869/g24
https://gz.esf.fang.com/house-a084-b014869/g23
https://gz.esf.fang.com/house-a084-b014869/g22
https://gz.esf.fang.com/house-a084-b014869/g21
https://gz.esf.fang.com/house-a084-b019624/i324
https://gz.esf.fang.com/house-a084-b019624/i323
https://gz.esf.fang.com/house-a084-b019624/i322
https://gz.esf.fang.com/house-a084-b019624/i321
https://gz.esf.fang.com/house-a084-b019624/i320
https://gz.esf.fang.com/house-a084-b019624/i319
https://gz.esf.fang.com/house-a084-b019624/i318
https://gz.esf.fang.com/house-a084-b019624/i317
https://gz.esf.fang.com/house-a084-b019624/i316
https://gz.esf.fang.com/house-a084-b019624/i315
https://gz.esf.fang.com/house-a084-b019624/i314
https://gz.esf.fang.com/house-a084-b019624/i313
https://gz.esf.fang.com/house-a084-b014869/g25-i32
https://gz.esf.fang.com/house-a084-b014869/g24-i314
https://gz.esf.fang.com/house-a084-b014869/g23-i364
https://gz.esf.fang.com/house-a084-b014869/g22-i328
https://gz.esf.fang.com/house-a084-b014869/g21-i34
https://gz.esf.fang.com/house-a084-b014869/g21-i33
https://gz.esf.fang.com/house-a084-b014869/g21-i32
https://gz.esf.fang.com/house-a084-b014869/g22-i327
https://gz.esf.fang.com/house-a084-b014869/g22-i326
https://gz.esf.fang.com/house-a084-b014869/g22-i325
https://gz.esf.fang.com/house-a084-b014869/g22-i324
https://gz.esf.fang.com/house-a084-b014869/g22-i323
https://gz.esf.fang.com/house-a084-b014869/g22-i322
https://gz.esf.fang.com/house-a084-b014869/g22-i321
https://gz.esf.fang.com/house-a084-b014869/g22-i320
https://gz.esf.fang.com/house-a084-b014869/g22-i319
https://gz.esf.fang.com/house-a084-b014869/g22-i318
https://gz.esf.fang.com/house-a084-b014869/g22-i317
https://gz.esf.fang.com/house-a084-b014869/g22-i316
https://gz.esf.fang.com/house-a084-b014869/g22-i315
https://gz.esf.fang.com/house-a084-b014869/g22-i314
https://gz.esf.fang.com/house-a084-b014869/g22-i313
https://gz.esf.fang.com/house-a084-b014869/g22-i312
https://gz.esf.fang.com/house-a084-b014869/g22-i311
https://gz.esf.fang.com/house-a084-b014869/g22-i310
https://gz.esf.fang.com/house-a084-b014869/g22-i39
https://gz.esf.fang.com/house-a084-b014869/g22-i38
https://gz.esf.fang.com/house-a084-b014869/g22-i37
https://gz.esf.fang.com/house-a084-b014869/g22-i36
https://gz.esf.fang.com/house-a084-b014869/g22-i35
https://gz.esf.fang.com/house-a084-b014869/g22-i34
https://gz.esf.fang.com/house-a084-b014869/g22-i33
https://gz.esf.fang.com/house-a084-b014869/g22-i32
https://gz.esf.fang.com/house-a084-b014869/g23-i363
https://gz.esf.fang.com/house-a084-b014869/g23-i362
https://gz.esf.fang.com/house-a084-b014869/g23-i361
https://gz.esf.fang.com/house-a084-b014869/g23-i360
https://gz.esf.fang.com/house-a084-b014869/g23-i359
https://gz.esf.fang.com/house-a084-b014869/g23-i358
https://gz.esf.fang.com/house-a084-b014869/g23-i357
https://gz.esf.fang.com/house-a084-b014869/g23-i356
https://gz.esf.fang.com/house-a084-b014869/g23-i355
https://gz.esf.fang.com/house-a084-b014869/g23-i354
https://gz.esf.fang.com/house-a084-b014869/g23-i353
https://gz.esf.fang.com/house-a084-b014869/g23-i352
https://gz.esf.fang.com/house-a084-b014869/g23-i351
https://gz.esf.fang.com/house-a084-b014869/g23-i350
https://gz.esf.fang.com/house-a084-b014869/g23-i349
https://gz.esf.fang.com/house-a084-b014869/g23-i348
https://gz.esf.fang.com/house-a084-b014869/g23-i347
https://gz.esf.fang.com/house-a084-b014869/g23-i346
https://gz.esf.fang.com/house-a084-b014869/g23-i345
https://gz.esf.fang.com/house-a084-b014869/g23-i344
https://gz.esf.fang.com/house-a084-b014869/g23-i343
https://gz.esf.fang.com/house-a084-b014869/g23-i342
https://gz.esf.fang.com/house-a084-b014869/g23-i341
https://gz.esf.fang.com/house-a084-b014869/g23-i340
https://gz.esf.fang.com/house-a084-b014869/g23-i339
https://gz.esf.fang.com/house-a084-b014869/g23-i338
https://gz.esf.fang.com/house-a084-b014869/g23-i337
https://gz.esf.fang.com/house-a084-b014869/g23-i336
https://gz.esf.fang.com/house-a084-b014869/g23-i335
https://gz.esf.fang.com/house-a084-b014869/g23-i334
https://gz.esf.fang.com/house-a084-b014869/g23-i333
https://gz.esf.fang.com/house-a084-b014869/g23-i332
https://gz.esf.fang.com/house-a084-b014869/g23-i331
https://gz.esf.fang.com/house-a084-b014869/g23-i330
https://gz.esf.fang.com/house-a084-b014869/g23-i329
https://gz.esf.fang.com/house-a084-b014869/g23-i328
https://gz.esf.fang.com/house-a084-b014869/g23-i327
https://gz.esf.fang.com/house-a084-b014869/g23-i326
https://gz.esf.fang.com/house-a084-b014869/g23-i325
https://gz.esf.fang.com/house-a084-b014869/g23-i324
https://gz.esf.fang.com/house-a084-b014869/g23-i323
https://gz.esf.fang.com/house-a084-b014869/g23-i322
https://gz.esf.fang.com/house-a084-b014869/g23-i321
https://gz.esf.fang.com/house-a084-b014869/g23-i320
https://gz.esf.fang.com/house-a084-b014869/g23-i319
https://gz.esf.fang.com/house-a084-b014869/g23-i318
https://gz.esf.fang.com/house-a084-b014869/g23-i317
https://gz.esf.fang.com/house-a084-b014869/g23-i316
https://gz.esf.fang.com/house-a084-b014869/g23-i315
https://gz.esf.fang.com/house-a084-b014869/g23-i314
https://gz.esf.fang.com/house-a084-b014869/g23-i313
https://gz.esf.fang.com/house-a084-b014869/g23-i312
https://gz.esf.fang.com/house-a084-b014869/g23-i311
https://gz.esf.fang.com/house-a084-b014869/g23-i310
https://gz.esf.fang.com/house-a084-b014869/g23-i39
https://gz.esf.fang.com/house-a084-b014869/g23-i38
https://gz.esf.fang.com/house-a084-b014869/g23-i37
https://gz.esf.fang.com/house-a084-b014869/g23-i36
https://gz.esf.fang.com/house-a084-b014869/g23-i35
https://gz.esf.fang.com/house-a084-b014869/g23-i34
https://gz.esf.fang.com/house-a084-b014869/g23-i33
https://gz.esf.fang.com/house-a084-b014869/g23-i32
https://gz.esf.fang.com/house-a084-b014869/g24-i313
https://gz.esf.fang.com/house-a084-b014869/g24-i312
https://gz.esf.fang.com/house-a084-b014869/g24-i311
https://gz.esf.fang.com/house-a084-b014869/g24-i310
https://gz.esf.fang.com/house-a084-b014869/g24-i39
https://gz.esf.fang.com/house-a084-b014869/g24-i38
https://gz.esf.fang.com/house-a084-b014869/g24-i37
https://gz.esf.fang.com/house-a084-b014869/g24-i36
https://gz.esf.fang.com/house-a084-b014869/g24-i35
https://gz.esf.fang.com/house-a084-b014869/g24-i34
https://gz.esf.fang.com/house-a084-b014869/g24-i33
https://gz.esf.fang.com/house-a084-b014869/g24-i32
https://gz.esf.fang.com/house-a084-b019624/i312
https://gz.esf.fang.com/house-a084-b019624/i311
https://gz.esf.fang.com/house-a084-b019624/i310
https://gz.esf.fang.com/house-a084-b019624/i39
https://gz.esf.fang.com/house-a084-b019624/i38
https://gz.esf.fang.com/house-a084-b019624/i36
https://gz.esf.fang.com/house-a084-b019624/i35
https://gz.esf.fang.com/house-a084-b019624/i34
https://gz.esf.fang.com/house-a084-b019624/i33
https://gz.esf.fang.com/house-a084-b019624/i32
https://gz.esf.fang.com/house-a084-b017045/i331
https://gz.esf.fang.com/house-a084-b017045/i330
https://gz.esf.fang.com/house-a084-b017045/i329
https://gz.esf.fang.com/house-a084-b017045/i328
https://gz.esf.fang.com/house-a084-b017045/i327
https://gz.esf.fang.com/house-a084-b017045/i326
https://gz.esf.fang.com/house-a084-b017045/i325
https://gz.esf.fang.com/house-a084-b017045/i324
https://gz.esf.fang.com/house-a084-b017045/i323
https://gz.esf.fang.com/house-a084-b017045/i322
https://gz.esf.fang.com/house-a084-b017045/i321
https://gz.esf.fang.com/house-a084-b017045/i320
https://gz.esf.fang.com/house-a084-b017045/i319
https://gz.esf.fang.com/house-a084-b017045/i318
https://gz.esf.fang.com/house-a084-b017045/i317
https://gz.esf.fang.com/house-a084-b017045/i316
https://gz.esf.fang.com/house-a084-b017045/i315
https://gz.esf.fang.com/house-a084-b017045/i314
https://gz.esf.fang.com/house-a084-b017045/i313
https://gz.esf.fang.com/house-a084-b017045/i312
https://gz.esf.fang.com/house-a084-b017045/i311
https://gz.esf.fang.com/house-a084-b017045/i310
https://gz.esf.fang.com/house-a084-b017045/i39
https://gz.esf.fang.com/house-a084-b017045/i38
https://gz.esf.fang.com/house-a084-b017045/i37
https://gz.esf.fang.com/house-a084-b017045/i36
https://gz.esf.fang.com/house-a084-b017045/i35
https://gz.esf.fang.com/house-a084-b017045/i34
https://gz.esf.fang.com/house-a084-b017045/i33
https://gz.esf.fang.com/house-a084-b017045/i32
https://gz.esf.fang.com/house-a084-b019625/i326
https://gz.esf.fang.com/house-a084-b019625/i325
https://gz.esf.fang.com/house-a084-b019625/i324
https://gz.esf.fang.com/house-a084-b019625/i323
https://gz.esf.fang.com/house-a084-b019625/i322
https://gz.esf.fang.com/house-a084-b019625/i321
https://gz.esf.fang.com/house-a084-b019625/i320
https://gz.esf.fang.com/house-a084-b019625/i319
https://gz.esf.fang.com/house-a084-b019625/i318
https://gz.esf.fang.com/house-a084-b019625/i317
https://gz.esf.fang.com/house-a084-b019625/i316
https://gz.esf.fang.com/house-a084-b019625/i315
https://gz.esf.fang.com/house-a084-b019625/i314
https://gz.esf.fang.com/house-a084-b019625/i313
https://gz.esf.fang.com/house-a084-b019625/i312
https://gz.esf.fang.com/house-a084-b019625/i311
https://gz.esf.fang.com/house-a084-b019625/i310
https://gz.esf.fang.com/house-a084-b019625/i39
https://gz.esf.fang.com/house-a084-b019625/i38
https://gz.esf.fang.com/house-a084-b019625/i37
https://gz.esf.fang.com/house-a084-b019625/i36
https://gz.esf.fang.com/house-a084-b019625/i35
https://gz.esf.fang.com/house-a084-b019625/i34
https://gz.esf.fang.com/house-a084-b019625/i33
https://gz.esf.fang.com/house-a084-b019625/i32
https://gz.esf.fang.com/house-a084-b014468/i313
https://gz.esf.fang.com/house-a084-b014468/i312
https://gz.esf.fang.com/house-a084-b014468/i311
https://gz.esf.fang.com/house-a084-b014468/i310
https://gz.esf.fang.com/house-a084-b014468/i39
https://gz.esf.fang.com/house-a084-b014468/i38
https://gz.esf.fang.com/house-a084-b014468/i37
https://gz.esf.fang.com/house-a084-b014468/i36
https://gz.esf.fang.com/house-a084-b014468/i35
https://gz.esf.fang.com/house-a084-b014468/i34
https://gz.esf.fang.com/house-a084-b014468/i33
https://gz.esf.fang.com/house-a084-b014468/i32
https://gz.esf.fang.com/house-a084-b019624/i37
https://gz.esf.fang.com/house-a080/
https://gz.esf.fang.com/house-a080-b015979/
https://gz.esf.fang.com/house-a080-b018651/
https://gz.esf.fang.com/house-a080-b019628/
https://gz.esf.fang.com/house-a080-b019630/
https://gz.esf.fang.com/house-a080-b019629/
https://gz.esf.fang.com/house-a080-b013952/
https://gz.esf.fang.com/house-a080-b013951/
https://gz.esf.fang.com/house-a080-b022724/
https://gz.esf.fang.com/house-a080-b015154/
https://gz.esf.fang.com/house-a080-b015152/
https://gz.esf.fang.com/house-a080-b01235/
https://gz.esf.fang.com/house-a080-b018646/
https://gz.esf.fang.com/house-a080-b015979/i340
https://gz.esf.fang.com/house-a080-b018651/i313
https://gz.esf.fang.com/house-a080-b019628/i382
https://gz.esf.fang.com/house-a080-b019630/i318
https://gz.esf.fang.com/house-a080-b019629/i326
https://gz.esf.fang.com/house-a080-b013952/i387
https://gz.esf.fang.com/house-a080-b013951/i357
https://gz.esf.fang.com/house-a080-b022724/i34
https://gz.esf.fang.com/house-a080-b015154/i333
https://gz.esf.fang.com/house-a080-b015152/i336
https://gz.esf.fang.com/house-a080-b01235/i356
https://gz.esf.fang.com/house-a080-b018646/i336
https://gz.esf.fang.com/house-a080-b018646/i335
https://gz.esf.fang.com/house-a080-b018646/i334
https://gz.esf.fang.com/house-a080-b018646/i333
https://gz.esf.fang.com/house-a080-b018646/i332
https://gz.esf.fang.com/house-a080-b018646/i331
https://gz.esf.fang.com/house-a080-b018646/i330
https://gz.esf.fang.com/house-a080-b018646/i329
https://gz.esf.fang.com/house-a080-b018646/i328
https://gz.esf.fang.com/house-a080-b018646/i327
https://gz.esf.fang.com/house-a080-b018646/i326
https://gz.esf.fang.com/house-a080-b018646/i325
https://gz.esf.fang.com/house-a080-b018646/i324
https://gz.esf.fang.com/house-a080-b018646/i323
https://gz.esf.fang.com/house-a080-b018646/i322
https://gz.esf.fang.com/house-a080-b018646/i321
https://gz.esf.fang.com/house-a080-b018646/i320
https://gz.esf.fang.com/house-a080-b018646/i319
https://gz.esf.fang.com/house-a080-b018646/i318
https://gz.esf.fang.com/house-a080-b018646/i317
https://gz.esf.fang.com/house-a080-b018646/i316
https://gz.esf.fang.com/house-a080-b018646/i315
https://gz.esf.fang.com/house-a080-b018646/i314
https://gz.esf.fang.com/house-a080-b018646/i313
https://gz.esf.fang.com/house-a080-b018646/i312
https://gz.esf.fang.com/house-a080-b018646/i311
https://gz.esf.fang.com/house-a080-b018646/i310
https://gz.esf.fang.com/house-a080-b018646/i39
https://gz.esf.fang.com/house-a080-b018646/i38
https://gz.esf.fang.com/house-a080-b018646/i37
https://gz.esf.fang.com/house-a080-b018646/i36
https://gz.esf.fang.com/house-a080-b018646/i35
https://gz.esf.fang.com/house-a080-b018646/i34
https://gz.esf.fang.com/house-a080-b018646/i33
https://gz.esf.fang.com/house-a080-b018646/i32
